Building DAG of jobs...
Using shell: /bin/bash
Provided cores: 1 (use --cores to define parallelism)
Rules claiming more threads will be scaled down.
Job counts:
	count	jobs
	1	all
	1	inputs_210
	1	inputs_2109
	1	inputs_421
	4

[Tue Mar 23 13:48:17 2021]
rule inputs_2109:
    output: charges_2109/permittivity_1/inputs.json, charges_2109/permittivity_4/inputs.json, charges_2109/permittivity_7/inputs.json, charges_2109/permittivity_10/inputs.json, charges_2109/permittivity_13/inputs.json, charges_2109/permittivity_16/inputs.json, charges_2109/permittivity_19/inputs.json, charges_2109/permittivity_22/inputs.json, charges_2109/permittivity_25/inputs.json, charges_2109/permittivity_28/inputs.json, charges_2109/permittivity_50/inputs.json, charges_2109/permittivity_75/inputs.json, charges_2109/permittivity_100/inputs.json, charges_2109/permittivity_2/inputs.json
    jobid: 5

[Tue Mar 23 13:48:18 2021]
Finished job 5.
1 of 4 steps (25%) done

[Tue Mar 23 13:48:18 2021]
rule inputs_210:
    output: charges_210/permittivity_1/inputs.json, charges_210/permittivity_4/inputs.json, charges_210/permittivity_7/inputs.json, charges_210/permittivity_10/inputs.json, charges_210/permittivity_13/inputs.json, charges_210/permittivity_16/inputs.json, charges_210/permittivity_19/inputs.json, charges_210/permittivity_22/inputs.json, charges_210/permittivity_25/inputs.json, charges_210/permittivity_28/inputs.json, charges_210/permittivity_50/inputs.json, charges_210/permittivity_75/inputs.json, charges_210/permittivity_100/inputs.json, charges_210/permittivity_2/inputs.json
    jobid: 3

[Tue Mar 23 13:48:18 2021]
Finished job 3.
2 of 4 steps (50%) done

[Tue Mar 23 13:48:18 2021]
rule inputs_421:
    output: charges_421/permittivity_1/inputs.json, charges_421/permittivity_4/inputs.json, charges_421/permittivity_7/inputs.json, charges_421/permittivity_10/inputs.json, charges_421/permittivity_13/inputs.json, charges_421/permittivity_16/inputs.json, charges_421/permittivity_19/inputs.json, charges_421/permittivity_22/inputs.json, charges_421/permittivity_25/inputs.json, charges_421/permittivity_28/inputs.json, charges_421/permittivity_50/inputs.json, charges_421/permittivity_75/inputs.json, charges_421/permittivity_100/inputs.json, charges_421/permittivity_2/inputs.json
    jobid: 4

[Tue Mar 23 13:48:18 2021]
Finished job 4.
3 of 4 steps (75%) done

[Tue Mar 23 13:48:18 2021]
localrule all:
    input: averaged_distributions/105_charges_distributions_errors.json, averaged_distributions/210_charges_distributions_errors.json, averaged_distributions/421_charges_distributions_errors.json, averaged_distributions/2109_charges_distributions_errors.json, charges_105/permittivity_1/inputs.json, charges_105/permittivity_4/inputs.json, charges_105/permittivity_7/inputs.json, charges_105/permittivity_10/inputs.json, charges_105/permittivity_13/inputs.json, charges_105/permittivity_16/inputs.json, charges_105/permittivity_19/inputs.json, charges_105/permittivity_22/inputs.json, charges_105/permittivity_25/inputs.json, charges_105/permittivity_28/inputs.json, charges_105/permittivity_50/inputs.json, charges_105/permittivity_75/inputs.json, charges_105/permittivity_100/inputs.json, charges_105/permittivity_2/inputs.json, charges_105/permittivity_65/inputs.json, charges_105/permittivity_85/inputs.json, charges_210/permittivity_1/inputs.json, charges_421/permittivity_1/inputs.json, charges_2109/permittivity_1/inputs.json, charges_210/permittivity_4/inputs.json, charges_421/permittivity_4/inputs.json, charges_2109/permittivity_4/inputs.json, charges_210/permittivity_7/inputs.json, charges_421/permittivity_7/inputs.json, charges_2109/permittivity_7/inputs.json, charges_210/permittivity_10/inputs.json, charges_421/permittivity_10/inputs.json, charges_2109/permittivity_10/inputs.json, charges_210/permittivity_13/inputs.json, charges_421/permittivity_13/inputs.json, charges_2109/permittivity_13/inputs.json, charges_210/permittivity_16/inputs.json, charges_421/permittivity_16/inputs.json, charges_2109/permittivity_16/inputs.json, charges_210/permittivity_19/inputs.json, charges_421/permittivity_19/inputs.json, charges_2109/permittivity_19/inputs.json, charges_210/permittivity_22/inputs.json, charges_421/permittivity_22/inputs.json, charges_2109/permittivity_22/inputs.json, charges_210/permittivity_25/inputs.json, charges_421/permittivity_25/inputs.json, charges_2109/permittivity_25/inputs.json, charges_210/permittivity_28/inputs.json, charges_421/permittivity_28/inputs.json, charges_2109/permittivity_28/inputs.json, charges_210/permittivity_50/inputs.json, charges_421/permittivity_50/inputs.json, charges_2109/permittivity_50/inputs.json, charges_210/permittivity_75/inputs.json, charges_421/permittivity_75/inputs.json, charges_2109/permittivity_75/inputs.json, charges_210/permittivity_100/inputs.json, charges_421/permittivity_100/inputs.json, charges_2109/permittivity_100/inputs.json, charges_210/permittivity_2/inputs.json, charges_421/permittivity_2/inputs.json, charges_2109/permittivity_2/inputs.json
    jobid: 0

[Tue Mar 23 13:48:18 2021]
Finished job 0.
4 of 4 steps (100%) done
Complete log: /Users/jmd80/kmc_paper_data/.snakemake/log/2021-03-23T134817.600654.snakemake.log
