Building DAG of jobs...
Using shell: /bin/bash
Provided cores: 3
Rules claiming more threads will be scaled down.
Job counts:
	count	jobs
	1	all
	1	overscreening_figures
	16	simulations_105
	14	simulations_210
	14	simulations_2109
	14	simulations_421
	1	underscreening_figures
	61

[Wed Mar 24 18:25:31 2021]
rule simulations_421:
    input: charges_421/permittivity_1/inputs.json, charges_421/permittivity_4/inputs.json, charges_421/permittivity_7/inputs.json, charges_421/permittivity_10/inputs.json, charges_421/permittivity_13/inputs.json, charges_421/permittivity_16/inputs.json, charges_421/permittivity_19/inputs.json, charges_421/permittivity_22/inputs.json, charges_421/permittivity_25/inputs.json, charges_421/permittivity_28/inputs.json, charges_421/permittivity_50/inputs.json, charges_421/permittivity_75/inputs.json, charges_421/permittivity_100/inputs.json, charges_421/permittivity_2/inputs.json
    output: charges_421/permittivity_22/outputs.json
    jobid: 44
    wildcards: permittivity=22

[Wed Mar 24 18:25:31 2021]
rule simulations_421:
    input: charges_421/permittivity_1/inputs.json, charges_421/permittivity_4/inputs.json, charges_421/permittivity_7/inputs.json, charges_421/permittivity_10/inputs.json, charges_421/permittivity_13/inputs.json, charges_421/permittivity_16/inputs.json, charges_421/permittivity_19/inputs.json, charges_421/permittivity_22/inputs.json, charges_421/permittivity_25/inputs.json, charges_421/permittivity_28/inputs.json, charges_421/permittivity_50/inputs.json, charges_421/permittivity_75/inputs.json, charges_421/permittivity_100/inputs.json, charges_421/permittivity_2/inputs.json
    output: charges_421/permittivity_7/outputs.json
    jobid: 29
    wildcards: permittivity=7

[Wed Mar 24 18:25:31 2021]
rule simulations_421:
    input: charges_421/permittivity_1/inputs.json, charges_421/permittivity_4/inputs.json, charges_421/permittivity_7/inputs.json, charges_421/permittivity_10/inputs.json, charges_421/permittivity_13/inputs.json, charges_421/permittivity_16/inputs.json, charges_421/permittivity_19/inputs.json, charges_421/permittivity_22/inputs.json, charges_421/permittivity_25/inputs.json, charges_421/permittivity_28/inputs.json, charges_421/permittivity_50/inputs.json, charges_421/permittivity_75/inputs.json, charges_421/permittivity_100/inputs.json, charges_421/permittivity_2/inputs.json
    output: charges_421/permittivity_100/outputs.json
    jobid: 59
    wildcards: permittivity=100

[Wed Mar 24 18:31:15 2021]
Finished job 29.
1 of 61 steps (2%) done

[Wed Mar 24 18:31:15 2021]
rule simulations_421:
    input: charges_421/permittivity_1/inputs.json, charges_421/permittivity_4/inputs.json, charges_421/permittivity_7/inputs.json, charges_421/permittivity_10/inputs.json, charges_421/permittivity_13/inputs.json, charges_421/permittivity_16/inputs.json, charges_421/permittivity_19/inputs.json, charges_421/permittivity_22/inputs.json, charges_421/permittivity_25/inputs.json, charges_421/permittivity_28/inputs.json, charges_421/permittivity_50/inputs.json, charges_421/permittivity_75/inputs.json, charges_421/permittivity_100/inputs.json, charges_421/permittivity_2/inputs.json
    output: charges_421/permittivity_16/outputs.json
    jobid: 38
    wildcards: permittivity=16

[Wed Mar 24 18:33:37 2021]
Finished job 44.
2 of 61 steps (3%) done

[Wed Mar 24 18:33:37 2021]
rule simulations_421:
    input: charges_421/permittivity_1/inputs.json, charges_421/permittivity_4/inputs.json, charges_421/permittivity_7/inputs.json, charges_421/permittivity_10/inputs.json, charges_421/permittivity_13/inputs.json, charges_421/permittivity_16/inputs.json, charges_421/permittivity_19/inputs.json, charges_421/permittivity_22/inputs.json, charges_421/permittivity_25/inputs.json, charges_421/permittivity_28/inputs.json, charges_421/permittivity_50/inputs.json, charges_421/permittivity_75/inputs.json, charges_421/permittivity_100/inputs.json, charges_421/permittivity_2/inputs.json
    output: charges_421/permittivity_50/outputs.json
    jobid: 53
    wildcards: permittivity=50

[Wed Mar 24 18:37:15 2021]
Finished job 38.
3 of 61 steps (5%) done

[Wed Mar 24 18:37:15 2021]
rule simulations_421:
    input: charges_421/permittivity_1/inputs.json, charges_421/permittivity_4/inputs.json, charges_421/permittivity_7/inputs.json, charges_421/permittivity_10/inputs.json, charges_421/permittivity_13/inputs.json, charges_421/permittivity_16/inputs.json, charges_421/permittivity_19/inputs.json, charges_421/permittivity_22/inputs.json, charges_421/permittivity_25/inputs.json, charges_421/permittivity_28/inputs.json, charges_421/permittivity_50/inputs.json, charges_421/permittivity_75/inputs.json, charges_421/permittivity_100/inputs.json, charges_421/permittivity_2/inputs.json
    output: charges_421/permittivity_1/outputs.json
    jobid: 23
    wildcards: permittivity=1

[Wed Mar 24 18:41:22 2021]
Finished job 23.
4 of 61 steps (7%) done

[Wed Mar 24 18:41:22 2021]
rule simulations_421:
    input: charges_421/permittivity_1/inputs.json, charges_421/permittivity_4/inputs.json, charges_421/permittivity_7/inputs.json, charges_421/permittivity_10/inputs.json, charges_421/permittivity_13/inputs.json, charges_421/permittivity_16/inputs.json, charges_421/permittivity_19/inputs.json, charges_421/permittivity_22/inputs.json, charges_421/permittivity_25/inputs.json, charges_421/permittivity_28/inputs.json, charges_421/permittivity_50/inputs.json, charges_421/permittivity_75/inputs.json, charges_421/permittivity_100/inputs.json, charges_421/permittivity_2/inputs.json
    output: charges_421/permittivity_10/outputs.json
    jobid: 32
    wildcards: permittivity=10

[Wed Mar 24 18:47:27 2021]
Finished job 32.
5 of 61 steps (8%) done

[Wed Mar 24 18:47:27 2021]
rule simulations_421:
    input: charges_421/permittivity_1/inputs.json, charges_421/permittivity_4/inputs.json, charges_421/permittivity_7/inputs.json, charges_421/permittivity_10/inputs.json, charges_421/permittivity_13/inputs.json, charges_421/permittivity_16/inputs.json, charges_421/permittivity_19/inputs.json, charges_421/permittivity_22/inputs.json, charges_421/permittivity_25/inputs.json, charges_421/permittivity_28/inputs.json, charges_421/permittivity_50/inputs.json, charges_421/permittivity_75/inputs.json, charges_421/permittivity_100/inputs.json, charges_421/permittivity_2/inputs.json
    output: charges_421/permittivity_25/outputs.json
    jobid: 47
    wildcards: permittivity=25

[Wed Mar 24 18:54:33 2021]
Finished job 47.
6 of 61 steps (10%) done

[Wed Mar 24 18:54:33 2021]
rule simulations_421:
    input: charges_421/permittivity_1/inputs.json, charges_421/permittivity_4/inputs.json, charges_421/permittivity_7/inputs.json, charges_421/permittivity_10/inputs.json, charges_421/permittivity_13/inputs.json, charges_421/permittivity_16/inputs.json, charges_421/permittivity_19/inputs.json, charges_421/permittivity_22/inputs.json, charges_421/permittivity_25/inputs.json, charges_421/permittivity_28/inputs.json, charges_421/permittivity_50/inputs.json, charges_421/permittivity_75/inputs.json, charges_421/permittivity_100/inputs.json, charges_421/permittivity_2/inputs.json
    output: charges_421/permittivity_2/outputs.json
    jobid: 62
    wildcards: permittivity=2

[Wed Mar 24 18:59:01 2021]
Finished job 62.
7 of 61 steps (11%) done

[Wed Mar 24 18:59:01 2021]
rule simulations_421:
    input: charges_421/permittivity_1/inputs.json, charges_421/permittivity_4/inputs.json, charges_421/permittivity_7/inputs.json, charges_421/permittivity_10/inputs.json, charges_421/permittivity_13/inputs.json, charges_421/permittivity_16/inputs.json, charges_421/permittivity_19/inputs.json, charges_421/permittivity_22/inputs.json, charges_421/permittivity_25/inputs.json, charges_421/permittivity_28/inputs.json, charges_421/permittivity_50/inputs.json, charges_421/permittivity_75/inputs.json, charges_421/permittivity_100/inputs.json, charges_421/permittivity_2/inputs.json
    output: charges_421/permittivity_4/outputs.json
    jobid: 26
    wildcards: permittivity=4

[Wed Mar 24 19:03:24 2021]
Finished job 26.
8 of 61 steps (13%) done

[Wed Mar 24 19:03:24 2021]
rule simulations_421:
    input: charges_421/permittivity_1/inputs.json, charges_421/permittivity_4/inputs.json, charges_421/permittivity_7/inputs.json, charges_421/permittivity_10/inputs.json, charges_421/permittivity_13/inputs.json, charges_421/permittivity_16/inputs.json, charges_421/permittivity_19/inputs.json, charges_421/permittivity_22/inputs.json, charges_421/permittivity_25/inputs.json, charges_421/permittivity_28/inputs.json, charges_421/permittivity_50/inputs.json, charges_421/permittivity_75/inputs.json, charges_421/permittivity_100/inputs.json, charges_421/permittivity_2/inputs.json
    output: charges_421/permittivity_19/outputs.json
    jobid: 41
    wildcards: permittivity=19

[Wed Mar 24 19:08:27 2021]
Finished job 41.
9 of 61 steps (15%) done

[Wed Mar 24 19:08:27 2021]
rule simulations_421:
    input: charges_421/permittivity_1/inputs.json, charges_421/permittivity_4/inputs.json, charges_421/permittivity_7/inputs.json, charges_421/permittivity_10/inputs.json, charges_421/permittivity_13/inputs.json, charges_421/permittivity_16/inputs.json, charges_421/permittivity_19/inputs.json, charges_421/permittivity_22/inputs.json, charges_421/permittivity_25/inputs.json, charges_421/permittivity_28/inputs.json, charges_421/permittivity_50/inputs.json, charges_421/permittivity_75/inputs.json, charges_421/permittivity_100/inputs.json, charges_421/permittivity_2/inputs.json
    output: charges_421/permittivity_75/outputs.json
    jobid: 56
    wildcards: permittivity=75

[Wed Mar 24 19:42:24 2021]
Finished job 53.
10 of 61 steps (16%) done

[Wed Mar 24 19:42:24 2021]
rule simulations_421:
    input: charges_421/permittivity_1/inputs.json, charges_421/permittivity_4/inputs.json, charges_421/permittivity_7/inputs.json, charges_421/permittivity_10/inputs.json, charges_421/permittivity_13/inputs.json, charges_421/permittivity_16/inputs.json, charges_421/permittivity_19/inputs.json, charges_421/permittivity_22/inputs.json, charges_421/permittivity_25/inputs.json, charges_421/permittivity_28/inputs.json, charges_421/permittivity_50/inputs.json, charges_421/permittivity_75/inputs.json, charges_421/permittivity_100/inputs.json, charges_421/permittivity_2/inputs.json
    output: charges_421/permittivity_13/outputs.json
    jobid: 35
    wildcards: permittivity=13

[Wed Mar 24 19:48:48 2021]
Finished job 35.
11 of 61 steps (18%) done

[Wed Mar 24 19:48:48 2021]
rule simulations_421:
    input: charges_421/permittivity_1/inputs.json, charges_421/permittivity_4/inputs.json, charges_421/permittivity_7/inputs.json, charges_421/permittivity_10/inputs.json, charges_421/permittivity_13/inputs.json, charges_421/permittivity_16/inputs.json, charges_421/permittivity_19/inputs.json, charges_421/permittivity_22/inputs.json, charges_421/permittivity_25/inputs.json, charges_421/permittivity_28/inputs.json, charges_421/permittivity_50/inputs.json, charges_421/permittivity_75/inputs.json, charges_421/permittivity_100/inputs.json, charges_421/permittivity_2/inputs.json
    output: charges_421/permittivity_28/outputs.json
    jobid: 50
    wildcards: permittivity=28

[Wed Mar 24 19:56:41 2021]
Finished job 50.
12 of 61 steps (20%) done

[Wed Mar 24 19:56:41 2021]
rule simulations_2109:
    input: charges_2109/permittivity_1/inputs.json, charges_2109/permittivity_4/inputs.json, charges_2109/permittivity_7/inputs.json, charges_2109/permittivity_10/inputs.json, charges_2109/permittivity_13/inputs.json, charges_2109/permittivity_16/inputs.json, charges_2109/permittivity_19/inputs.json, charges_2109/permittivity_22/inputs.json, charges_2109/permittivity_25/inputs.json, charges_2109/permittivity_28/inputs.json, charges_2109/permittivity_50/inputs.json, charges_2109/permittivity_75/inputs.json, charges_2109/permittivity_100/inputs.json, charges_2109/permittivity_2/inputs.json
    output: charges_2109/permittivity_7/outputs.json
    jobid: 30
    wildcards: permittivity=7

[Wed Mar 24 20:01:42 2021]
Finished job 30.
13 of 61 steps (21%) done

[Wed Mar 24 20:01:42 2021]
rule simulations_2109:
    input: charges_2109/permittivity_1/inputs.json, charges_2109/permittivity_4/inputs.json, charges_2109/permittivity_7/inputs.json, charges_2109/permittivity_10/inputs.json, charges_2109/permittivity_13/inputs.json, charges_2109/permittivity_16/inputs.json, charges_2109/permittivity_19/inputs.json, charges_2109/permittivity_22/inputs.json, charges_2109/permittivity_25/inputs.json, charges_2109/permittivity_28/inputs.json, charges_2109/permittivity_50/inputs.json, charges_2109/permittivity_75/inputs.json, charges_2109/permittivity_100/inputs.json, charges_2109/permittivity_2/inputs.json
    output: charges_2109/permittivity_22/outputs.json
    jobid: 45
    wildcards: permittivity=22

[Wed Mar 24 20:06:06 2021]
Finished job 59.
14 of 61 steps (23%) done

[Wed Mar 24 20:06:06 2021]
rule simulations_2109:
    input: charges_2109/permittivity_1/inputs.json, charges_2109/permittivity_4/inputs.json, charges_2109/permittivity_7/inputs.json, charges_2109/permittivity_10/inputs.json, charges_2109/permittivity_13/inputs.json, charges_2109/permittivity_16/inputs.json, charges_2109/permittivity_19/inputs.json, charges_2109/permittivity_22/inputs.json, charges_2109/permittivity_25/inputs.json, charges_2109/permittivity_28/inputs.json, charges_2109/permittivity_50/inputs.json, charges_2109/permittivity_75/inputs.json, charges_2109/permittivity_100/inputs.json, charges_2109/permittivity_2/inputs.json
    output: charges_2109/permittivity_100/outputs.json
    jobid: 60
    wildcards: permittivity=100

Terminating processes on user request, this might take some time.
Complete log: /Users/jmd80/kmc_paper_data_seed_1/.snakemake/log/2021-03-24T182531.404465.snakemake.log
