Building DAG of jobs...
Relative file path './charges_210/permittivity_1/inputs.json' starts with './'. This is redundant and strongly discouraged. It can also lead to inconsistent results of the file-matching approach used by Snakemake. You can simply omit the './' for relative file paths.
Relative file path './charges_421/permittivity_1/inputs.json' starts with './'. This is redundant and strongly discouraged. It can also lead to inconsistent results of the file-matching approach used by Snakemake. You can simply omit the './' for relative file paths.
Relative file path './charges_2109/permittivity_1/inputs.json' starts with './'. This is redundant and strongly discouraged. It can also lead to inconsistent results of the file-matching approach used by Snakemake. You can simply omit the './' for relative file paths.
Relative file path './charges_210/permittivity_4/inputs.json' starts with './'. This is redundant and strongly discouraged. It can also lead to inconsistent results of the file-matching approach used by Snakemake. You can simply omit the './' for relative file paths.
Relative file path './charges_421/permittivity_4/inputs.json' starts with './'. This is redundant and strongly discouraged. It can also lead to inconsistent results of the file-matching approach used by Snakemake. You can simply omit the './' for relative file paths.
Relative file path './charges_2109/permittivity_4/inputs.json' starts with './'. This is redundant and strongly discouraged. It can also lead to inconsistent results of the file-matching approach used by Snakemake. You can simply omit the './' for relative file paths.
Relative file path './charges_210/permittivity_7/inputs.json' starts with './'. This is redundant and strongly discouraged. It can also lead to inconsistent results of the file-matching approach used by Snakemake. You can simply omit the './' for relative file paths.
Relative file path './charges_421/permittivity_7/inputs.json' starts with './'. This is redundant and strongly discouraged. It can also lead to inconsistent results of the file-matching approach used by Snakemake. You can simply omit the './' for relative file paths.
Relative file path './charges_2109/permittivity_7/inputs.json' starts with './'. This is redundant and strongly discouraged. It can also lead to inconsistent results of the file-matching approach used by Snakemake. You can simply omit the './' for relative file paths.
Relative file path './charges_210/permittivity_10/inputs.json' starts with './'. This is redundant and strongly discouraged. It can also lead to inconsistent results of the file-matching approach used by Snakemake. You can simply omit the './' for relative file paths.
Relative file path './charges_421/permittivity_10/inputs.json' starts with './'. This is redundant and strongly discouraged. It can also lead to inconsistent results of the file-matching approach used by Snakemake. You can simply omit the './' for relative file paths.
Relative file path './charges_2109/permittivity_10/inputs.json' starts with './'. This is redundant and strongly discouraged. It can also lead to inconsistent results of the file-matching approach used by Snakemake. You can simply omit the './' for relative file paths.
Relative file path './charges_210/permittivity_13/inputs.json' starts with './'. This is redundant and strongly discouraged. It can also lead to inconsistent results of the file-matching approach used by Snakemake. You can simply omit the './' for relative file paths.
Relative file path './charges_421/permittivity_13/inputs.json' starts with './'. This is redundant and strongly discouraged. It can also lead to inconsistent results of the file-matching approach used by Snakemake. You can simply omit the './' for relative file paths.
Relative file path './charges_2109/permittivity_13/inputs.json' starts with './'. This is redundant and strongly discouraged. It can also lead to inconsistent results of the file-matching approach used by Snakemake. You can simply omit the './' for relative file paths.
Relative file path './charges_210/permittivity_16/inputs.json' starts with './'. This is redundant and strongly discouraged. It can also lead to inconsistent results of the file-matching approach used by Snakemake. You can simply omit the './' for relative file paths.
Relative file path './charges_421/permittivity_16/inputs.json' starts with './'. This is redundant and strongly discouraged. It can also lead to inconsistent results of the file-matching approach used by Snakemake. You can simply omit the './' for relative file paths.
Relative file path './charges_2109/permittivity_16/inputs.json' starts with './'. This is redundant and strongly discouraged. It can also lead to inconsistent results of the file-matching approach used by Snakemake. You can simply omit the './' for relative file paths.
Relative file path './charges_210/permittivity_19/inputs.json' starts with './'. This is redundant and strongly discouraged. It can also lead to inconsistent results of the file-matching approach used by Snakemake. You can simply omit the './' for relative file paths.
Relative file path './charges_421/permittivity_19/inputs.json' starts with './'. This is redundant and strongly discouraged. It can also lead to inconsistent results of the file-matching approach used by Snakemake. You can simply omit the './' for relative file paths.
Relative file path './charges_2109/permittivity_19/inputs.json' starts with './'. This is redundant and strongly discouraged. It can also lead to inconsistent results of the file-matching approach used by Snakemake. You can simply omit the './' for relative file paths.
Relative file path './charges_210/permittivity_22/inputs.json' starts with './'. This is redundant and strongly discouraged. It can also lead to inconsistent results of the file-matching approach used by Snakemake. You can simply omit the './' for relative file paths.
Relative file path './charges_421/permittivity_22/inputs.json' starts with './'. This is redundant and strongly discouraged. It can also lead to inconsistent results of the file-matching approach used by Snakemake. You can simply omit the './' for relative file paths.
Relative file path './charges_2109/permittivity_22/inputs.json' starts with './'. This is redundant and strongly discouraged. It can also lead to inconsistent results of the file-matching approach used by Snakemake. You can simply omit the './' for relative file paths.
Relative file path './charges_210/permittivity_25/inputs.json' starts with './'. This is redundant and strongly discouraged. It can also lead to inconsistent results of the file-matching approach used by Snakemake. You can simply omit the './' for relative file paths.
Relative file path './charges_421/permittivity_25/inputs.json' starts with './'. This is redundant and strongly discouraged. It can also lead to inconsistent results of the file-matching approach used by Snakemake. You can simply omit the './' for relative file paths.
Relative file path './charges_2109/permittivity_25/inputs.json' starts with './'. This is redundant and strongly discouraged. It can also lead to inconsistent results of the file-matching approach used by Snakemake. You can simply omit the './' for relative file paths.
Relative file path './charges_210/permittivity_28/inputs.json' starts with './'. This is redundant and strongly discouraged. It can also lead to inconsistent results of the file-matching approach used by Snakemake. You can simply omit the './' for relative file paths.
Relative file path './charges_421/permittivity_28/inputs.json' starts with './'. This is redundant and strongly discouraged. It can also lead to inconsistent results of the file-matching approach used by Snakemake. You can simply omit the './' for relative file paths.
Relative file path './charges_2109/permittivity_28/inputs.json' starts with './'. This is redundant and strongly discouraged. It can also lead to inconsistent results of the file-matching approach used by Snakemake. You can simply omit the './' for relative file paths.
Relative file path './charges_210/permittivity_50/inputs.json' starts with './'. This is redundant and strongly discouraged. It can also lead to inconsistent results of the file-matching approach used by Snakemake. You can simply omit the './' for relative file paths.
Relative file path './charges_421/permittivity_50/inputs.json' starts with './'. This is redundant and strongly discouraged. It can also lead to inconsistent results of the file-matching approach used by Snakemake. You can simply omit the './' for relative file paths.
Relative file path './charges_2109/permittivity_50/inputs.json' starts with './'. This is redundant and strongly discouraged. It can also lead to inconsistent results of the file-matching approach used by Snakemake. You can simply omit the './' for relative file paths.
Relative file path './charges_210/permittivity_75/inputs.json' starts with './'. This is redundant and strongly discouraged. It can also lead to inconsistent results of the file-matching approach used by Snakemake. You can simply omit the './' for relative file paths.
Relative file path './charges_421/permittivity_75/inputs.json' starts with './'. This is redundant and strongly discouraged. It can also lead to inconsistent results of the file-matching approach used by Snakemake. You can simply omit the './' for relative file paths.
Relative file path './charges_2109/permittivity_75/inputs.json' starts with './'. This is redundant and strongly discouraged. It can also lead to inconsistent results of the file-matching approach used by Snakemake. You can simply omit the './' for relative file paths.
Relative file path './charges_210/permittivity_100/inputs.json' starts with './'. This is redundant and strongly discouraged. It can also lead to inconsistent results of the file-matching approach used by Snakemake. You can simply omit the './' for relative file paths.
Relative file path './charges_421/permittivity_100/inputs.json' starts with './'. This is redundant and strongly discouraged. It can also lead to inconsistent results of the file-matching approach used by Snakemake. You can simply omit the './' for relative file paths.
Relative file path './charges_2109/permittivity_100/inputs.json' starts with './'. This is redundant and strongly discouraged. It can also lead to inconsistent results of the file-matching approach used by Snakemake. You can simply omit the './' for relative file paths.
Relative file path './charges_210/permittivity_2/inputs.json' starts with './'. This is redundant and strongly discouraged. It can also lead to inconsistent results of the file-matching approach used by Snakemake. You can simply omit the './' for relative file paths.
Relative file path './charges_421/permittivity_2/inputs.json' starts with './'. This is redundant and strongly discouraged. It can also lead to inconsistent results of the file-matching approach used by Snakemake. You can simply omit the './' for relative file paths.
Relative file path './charges_2109/permittivity_2/inputs.json' starts with './'. This is redundant and strongly discouraged. It can also lead to inconsistent results of the file-matching approach used by Snakemake. You can simply omit the './' for relative file paths.
MissingInputException in line 35 of /Users/jmd80/kmc_paper_data/Snakefile:
Missing input files for rule all:
./charges_2109/permittivity_75/inputs.json
./charges_421/permittivity_2/inputs.json
./charges_2109/permittivity_4/inputs.json
./charges_210/permittivity_25/inputs.json
./charges_421/permittivity_50/inputs.json
./charges_421/permittivity_22/inputs.json
./charges_210/permittivity_50/inputs.json
./charges_421/permittivity_16/inputs.json
./charges_210/permittivity_22/inputs.json
./charges_421/permittivity_1/inputs.json
./charges_421/permittivity_7/inputs.json
./charges_2109/permittivity_10/inputs.json
./charges_210/permittivity_2/inputs.json
./charges_210/permittivity_4/inputs.json
./charges_2109/permittivity_7/inputs.json
./charges_421/permittivity_10/inputs.json
./charges_421/permittivity_19/inputs.json
./charges_2109/permittivity_100/inputs.json
./charges_2109/permittivity_25/inputs.json
./charges_421/permittivity_28/inputs.json
./charges_421/permittivity_75/inputs.json
./charges_210/permittivity_1/inputs.json
./charges_2109/permittivity_50/inputs.json
./charges_421/permittivity_100/inputs.json
./charges_2109/permittivity_28/inputs.json
./charges_2109/permittivity_1/inputs.json
./charges_210/permittivity_19/inputs.json
./charges_2109/permittivity_16/inputs.json
./charges_210/permittivity_10/inputs.json
./charges_2109/permittivity_19/inputs.json
./charges_210/permittivity_28/inputs.json
./charges_2109/permittivity_2/inputs.json
./charges_421/permittivity_13/inputs.json
./charges_210/permittivity_7/inputs.json
./charges_210/permittivity_13/inputs.json
./charges_421/permittivity_25/inputs.json
./charges_210/permittivity_16/inputs.json
./charges_2109/permittivity_22/inputs.json
./charges_210/permittivity_75/inputs.json
./charges_421/permittivity_4/inputs.json
./charges_2109/permittivity_13/inputs.json
./charges_210/permittivity_100/inputs.json
