Building DAG of jobs...
Using shell: /bin/bash
Provided cores: 1 (use --cores to define parallelism)
Rules claiming more threads will be scaled down.
Job counts:
	count	jobs
	1	all
	1	create_averaged_distributions
	1	inputs_105
	3

[Tue Mar 23 13:18:20 2021]
rule create_averaged_distributions:
    input: extract_average_distributions.py
    output: averaged_distributions/105_charges_distributions_errors.json, averaged_distributions/210_charges_distributions_errors.json, averaged_distributions/421_charges_distributions_errors.json, averaged_distributions/2109_charges_distributions_errors.json
    jobid: 1

[Tue Mar 23 13:18:21 2021]
Finished job 1.
1 of 3 steps (33%) done

[Tue Mar 23 13:18:21 2021]
rule inputs_105:
    output: charges_105/permittivity_1/inputs.json, charges_105/permittivity_4/inputs.json, charges_105/permittivity_7/inputs.json, charges_105/permittivity_10/inputs.json, charges_105/permittivity_13/inputs.json, charges_105/permittivity_16/inputs.json, charges_105/permittivity_19/inputs.json, charges_105/permittivity_22/inputs.json, charges_105/permittivity_25/inputs.json, charges_105/permittivity_28/inputs.json, charges_105/permittivity_50/inputs.json, charges_105/permittivity_75/inputs.json, charges_105/permittivity_100/inputs.json, charges_105/permittivity_2/inputs.json, charges_105/permittivity_65/inputs.json, charges_105/permittivity_85/inputs.json
    jobid: 2

Shutting down, this might take some time.
Exiting because a job execution failed. Look above for error message
Complete log: /Users/jmd80/kmc_paper_data/.snakemake/log/2021-03-23T131820.080458.snakemake.log
