Building DAG of jobs...
Using shell: /bin/bash
Provided cores: 2
Rules claiming more threads will be scaled down.
Job counts:
	count	jobs
	1	all
	5	simulations_105
	5	simulations_210
	2	simulations_2109
	6	simulations_421
	19

[Wed Mar 24 09:59:21 2021]
rule simulations_2109:
    output: charges_2109/permittivity_19/outputs.json
    jobid: 42
    wildcards: permittivity=19

[Wed Mar 24 09:59:21 2021]
rule simulations_421:
    output: charges_421/permittivity_13/outputs.json
    jobid: 35
    wildcards: permittivity=13

[Wed Mar 24 10:03:05 2021]
Finished job 42.
1 of 19 steps (5%) done

[Wed Mar 24 10:03:05 2021]
rule simulations_421:
    output: charges_421/permittivity_19/outputs.json
    jobid: 41
    wildcards: permittivity=19

[Wed Mar 24 10:03:27 2021]
Finished job 35.
2 of 19 steps (11%) done

[Wed Mar 24 10:03:27 2021]
rule simulations_421:
    output: charges_421/permittivity_4/outputs.json
    jobid: 26
    wildcards: permittivity=4

[Wed Mar 24 10:06:51 2021]
Finished job 26.
3 of 19 steps (16%) done

[Wed Mar 24 10:06:51 2021]
rule simulations_421:
    output: charges_421/permittivity_75/outputs.json
    jobid: 56
    wildcards: permittivity=75

[Wed Mar 24 10:09:00 2021]
Finished job 41.
4 of 19 steps (21%) done

[Wed Mar 24 10:09:00 2021]
rule simulations_105:
    output: charges_105/permittivity_16/outputs.json
    jobid: 11
    wildcards: permittivity=16

Terminating processes on user request, this might take some time.
Complete log: /Users/jmd80/kmc_paper_data/.snakemake/log/2021-03-24T095921.834531.snakemake.log
