Building DAG of jobs...
Relative file path './charges_105/permittivity_1/outputs.json' starts with './'. This is redundant and strongly discouraged. It can also lead to inconsistent results of the file-matching approach used by Snakemake. You can simply omit the './' for relative file paths.
Relative file path './charges_105/permittivity_4/outputs.json' starts with './'. This is redundant and strongly discouraged. It can also lead to inconsistent results of the file-matching approach used by Snakemake. You can simply omit the './' for relative file paths.
Relative file path './charges_105/permittivity_7/outputs.json' starts with './'. This is redundant and strongly discouraged. It can also lead to inconsistent results of the file-matching approach used by Snakemake. You can simply omit the './' for relative file paths.
Relative file path './charges_105/permittivity_10/outputs.json' starts with './'. This is redundant and strongly discouraged. It can also lead to inconsistent results of the file-matching approach used by Snakemake. You can simply omit the './' for relative file paths.
Relative file path './charges_105/permittivity_13/outputs.json' starts with './'. This is redundant and strongly discouraged. It can also lead to inconsistent results of the file-matching approach used by Snakemake. You can simply omit the './' for relative file paths.
Relative file path './charges_105/permittivity_16/outputs.json' starts with './'. This is redundant and strongly discouraged. It can also lead to inconsistent results of the file-matching approach used by Snakemake. You can simply omit the './' for relative file paths.
Relative file path './charges_105/permittivity_19/outputs.json' starts with './'. This is redundant and strongly discouraged. It can also lead to inconsistent results of the file-matching approach used by Snakemake. You can simply omit the './' for relative file paths.
Relative file path './charges_105/permittivity_22/outputs.json' starts with './'. This is redundant and strongly discouraged. It can also lead to inconsistent results of the file-matching approach used by Snakemake. You can simply omit the './' for relative file paths.
Relative file path './charges_105/permittivity_25/outputs.json' starts with './'. This is redundant and strongly discouraged. It can also lead to inconsistent results of the file-matching approach used by Snakemake. You can simply omit the './' for relative file paths.
Relative file path './charges_105/permittivity_28/outputs.json' starts with './'. This is redundant and strongly discouraged. It can also lead to inconsistent results of the file-matching approach used by Snakemake. You can simply omit the './' for relative file paths.
Relative file path './charges_105/permittivity_50/outputs.json' starts with './'. This is redundant and strongly discouraged. It can also lead to inconsistent results of the file-matching approach used by Snakemake. You can simply omit the './' for relative file paths.
Relative file path './charges_105/permittivity_75/outputs.json' starts with './'. This is redundant and strongly discouraged. It can also lead to inconsistent results of the file-matching approach used by Snakemake. You can simply omit the './' for relative file paths.
Relative file path './charges_105/permittivity_100/outputs.json' starts with './'. This is redundant and strongly discouraged. It can also lead to inconsistent results of the file-matching approach used by Snakemake. You can simply omit the './' for relative file paths.
Relative file path './charges_105/permittivity_2/outputs.json' starts with './'. This is redundant and strongly discouraged. It can also lead to inconsistent results of the file-matching approach used by Snakemake. You can simply omit the './' for relative file paths.
Relative file path './charges_105/permittivity_65/outputs.json' starts with './'. This is redundant and strongly discouraged. It can also lead to inconsistent results of the file-matching approach used by Snakemake. You can simply omit the './' for relative file paths.
Relative file path './charges_105/permittivity_85/outputs.json' starts with './'. This is redundant and strongly discouraged. It can also lead to inconsistent results of the file-matching approach used by Snakemake. You can simply omit the './' for relative file paths.
Relative file path './charges_210/permittivity_1/outputs.json' starts with './'. This is redundant and strongly discouraged. It can also lead to inconsistent results of the file-matching approach used by Snakemake. You can simply omit the './' for relative file paths.
Relative file path './charges_421/permittivity_1/outputs.json' starts with './'. This is redundant and strongly discouraged. It can also lead to inconsistent results of the file-matching approach used by Snakemake. You can simply omit the './' for relative file paths.
Relative file path './charges_2109/permittivity_1/outputs.json' starts with './'. This is redundant and strongly discouraged. It can also lead to inconsistent results of the file-matching approach used by Snakemake. You can simply omit the './' for relative file paths.
Relative file path './charges_210/permittivity_4/outputs.json' starts with './'. This is redundant and strongly discouraged. It can also lead to inconsistent results of the file-matching approach used by Snakemake. You can simply omit the './' for relative file paths.
Relative file path './charges_421/permittivity_4/outputs.json' starts with './'. This is redundant and strongly discouraged. It can also lead to inconsistent results of the file-matching approach used by Snakemake. You can simply omit the './' for relative file paths.
Relative file path './charges_2109/permittivity_4/outputs.json' starts with './'. This is redundant and strongly discouraged. It can also lead to inconsistent results of the file-matching approach used by Snakemake. You can simply omit the './' for relative file paths.
Relative file path './charges_210/permittivity_7/outputs.json' starts with './'. This is redundant and strongly discouraged. It can also lead to inconsistent results of the file-matching approach used by Snakemake. You can simply omit the './' for relative file paths.
Relative file path './charges_421/permittivity_7/outputs.json' starts with './'. This is redundant and strongly discouraged. It can also lead to inconsistent results of the file-matching approach used by Snakemake. You can simply omit the './' for relative file paths.
Relative file path './charges_2109/permittivity_7/outputs.json' starts with './'. This is redundant and strongly discouraged. It can also lead to inconsistent results of the file-matching approach used by Snakemake. You can simply omit the './' for relative file paths.
Relative file path './charges_210/permittivity_10/outputs.json' starts with './'. This is redundant and strongly discouraged. It can also lead to inconsistent results of the file-matching approach used by Snakemake. You can simply omit the './' for relative file paths.
Relative file path './charges_421/permittivity_10/outputs.json' starts with './'. This is redundant and strongly discouraged. It can also lead to inconsistent results of the file-matching approach used by Snakemake. You can simply omit the './' for relative file paths.
Relative file path './charges_2109/permittivity_10/outputs.json' starts with './'. This is redundant and strongly discouraged. It can also lead to inconsistent results of the file-matching approach used by Snakemake. You can simply omit the './' for relative file paths.
Relative file path './charges_210/permittivity_13/outputs.json' starts with './'. This is redundant and strongly discouraged. It can also lead to inconsistent results of the file-matching approach used by Snakemake. You can simply omit the './' for relative file paths.
Relative file path './charges_421/permittivity_13/outputs.json' starts with './'. This is redundant and strongly discouraged. It can also lead to inconsistent results of the file-matching approach used by Snakemake. You can simply omit the './' for relative file paths.
Relative file path './charges_2109/permittivity_13/outputs.json' starts with './'. This is redundant and strongly discouraged. It can also lead to inconsistent results of the file-matching approach used by Snakemake. You can simply omit the './' for relative file paths.
Relative file path './charges_210/permittivity_16/outputs.json' starts with './'. This is redundant and strongly discouraged. It can also lead to inconsistent results of the file-matching approach used by Snakemake. You can simply omit the './' for relative file paths.
Relative file path './charges_421/permittivity_16/outputs.json' starts with './'. This is redundant and strongly discouraged. It can also lead to inconsistent results of the file-matching approach used by Snakemake. You can simply omit the './' for relative file paths.
Relative file path './charges_2109/permittivity_16/outputs.json' starts with './'. This is redundant and strongly discouraged. It can also lead to inconsistent results of the file-matching approach used by Snakemake. You can simply omit the './' for relative file paths.
Relative file path './charges_210/permittivity_19/outputs.json' starts with './'. This is redundant and strongly discouraged. It can also lead to inconsistent results of the file-matching approach used by Snakemake. You can simply omit the './' for relative file paths.
Relative file path './charges_421/permittivity_19/outputs.json' starts with './'. This is redundant and strongly discouraged. It can also lead to inconsistent results of the file-matching approach used by Snakemake. You can simply omit the './' for relative file paths.
Relative file path './charges_2109/permittivity_19/outputs.json' starts with './'. This is redundant and strongly discouraged. It can also lead to inconsistent results of the file-matching approach used by Snakemake. You can simply omit the './' for relative file paths.
Relative file path './charges_210/permittivity_22/outputs.json' starts with './'. This is redundant and strongly discouraged. It can also lead to inconsistent results of the file-matching approach used by Snakemake. You can simply omit the './' for relative file paths.
Relative file path './charges_421/permittivity_22/outputs.json' starts with './'. This is redundant and strongly discouraged. It can also lead to inconsistent results of the file-matching approach used by Snakemake. You can simply omit the './' for relative file paths.
Relative file path './charges_2109/permittivity_22/outputs.json' starts with './'. This is redundant and strongly discouraged. It can also lead to inconsistent results of the file-matching approach used by Snakemake. You can simply omit the './' for relative file paths.
Relative file path './charges_210/permittivity_25/outputs.json' starts with './'. This is redundant and strongly discouraged. It can also lead to inconsistent results of the file-matching approach used by Snakemake. You can simply omit the './' for relative file paths.
Relative file path './charges_421/permittivity_25/outputs.json' starts with './'. This is redundant and strongly discouraged. It can also lead to inconsistent results of the file-matching approach used by Snakemake. You can simply omit the './' for relative file paths.
Relative file path './charges_2109/permittivity_25/outputs.json' starts with './'. This is redundant and strongly discouraged. It can also lead to inconsistent results of the file-matching approach used by Snakemake. You can simply omit the './' for relative file paths.
Relative file path './charges_210/permittivity_28/outputs.json' starts with './'. This is redundant and strongly discouraged. It can also lead to inconsistent results of the file-matching approach used by Snakemake. You can simply omit the './' for relative file paths.
Relative file path './charges_421/permittivity_28/outputs.json' starts with './'. This is redundant and strongly discouraged. It can also lead to inconsistent results of the file-matching approach used by Snakemake. You can simply omit the './' for relative file paths.
Relative file path './charges_2109/permittivity_28/outputs.json' starts with './'. This is redundant and strongly discouraged. It can also lead to inconsistent results of the file-matching approach used by Snakemake. You can simply omit the './' for relative file paths.
Relative file path './charges_210/permittivity_50/outputs.json' starts with './'. This is redundant and strongly discouraged. It can also lead to inconsistent results of the file-matching approach used by Snakemake. You can simply omit the './' for relative file paths.
Relative file path './charges_421/permittivity_50/outputs.json' starts with './'. This is redundant and strongly discouraged. It can also lead to inconsistent results of the file-matching approach used by Snakemake. You can simply omit the './' for relative file paths.
Relative file path './charges_2109/permittivity_50/outputs.json' starts with './'. This is redundant and strongly discouraged. It can also lead to inconsistent results of the file-matching approach used by Snakemake. You can simply omit the './' for relative file paths.
Relative file path './charges_210/permittivity_75/outputs.json' starts with './'. This is redundant and strongly discouraged. It can also lead to inconsistent results of the file-matching approach used by Snakemake. You can simply omit the './' for relative file paths.
Relative file path './charges_421/permittivity_75/outputs.json' starts with './'. This is redundant and strongly discouraged. It can also lead to inconsistent results of the file-matching approach used by Snakemake. You can simply omit the './' for relative file paths.
Relative file path './charges_2109/permittivity_75/outputs.json' starts with './'. This is redundant and strongly discouraged. It can also lead to inconsistent results of the file-matching approach used by Snakemake. You can simply omit the './' for relative file paths.
Relative file path './charges_210/permittivity_100/outputs.json' starts with './'. This is redundant and strongly discouraged. It can also lead to inconsistent results of the file-matching approach used by Snakemake. You can simply omit the './' for relative file paths.
Relative file path './charges_421/permittivity_100/outputs.json' starts with './'. This is redundant and strongly discouraged. It can also lead to inconsistent results of the file-matching approach used by Snakemake. You can simply omit the './' for relative file paths.
Relative file path './charges_2109/permittivity_100/outputs.json' starts with './'. This is redundant and strongly discouraged. It can also lead to inconsistent results of the file-matching approach used by Snakemake. You can simply omit the './' for relative file paths.
Relative file path './charges_210/permittivity_2/outputs.json' starts with './'. This is redundant and strongly discouraged. It can also lead to inconsistent results of the file-matching approach used by Snakemake. You can simply omit the './' for relative file paths.
Relative file path './charges_421/permittivity_2/outputs.json' starts with './'. This is redundant and strongly discouraged. It can also lead to inconsistent results of the file-matching approach used by Snakemake. You can simply omit the './' for relative file paths.
Relative file path './charges_2109/permittivity_2/outputs.json' starts with './'. This is redundant and strongly discouraged. It can also lead to inconsistent results of the file-matching approach used by Snakemake. You can simply omit the './' for relative file paths.
MissingInputException in line 35 of /Users/jmd80/kmc_paper_data/Snakefile:
Missing input files for rule all:
./charges_210/permittivity_16/outputs.json
./charges_210/permittivity_10/outputs.json
./charges_210/permittivity_19/outputs.json
./charges_2109/permittivity_10/outputs.json
./charges_105/permittivity_1/outputs.json
./charges_210/permittivity_50/outputs.json
./charges_105/permittivity_16/outputs.json
./charges_105/permittivity_50/outputs.json
./charges_105/permittivity_19/outputs.json
./charges_105/permittivity_65/outputs.json
./charges_2109/permittivity_13/outputs.json
./charges_2109/permittivity_22/outputs.json
./charges_105/permittivity_75/outputs.json
./charges_421/permittivity_4/outputs.json
./charges_2109/permittivity_7/outputs.json
./charges_421/permittivity_28/outputs.json
./charges_105/permittivity_28/outputs.json
./charges_421/permittivity_50/outputs.json
./charges_2109/permittivity_50/outputs.json
./charges_210/permittivity_100/outputs.json
./charges_2109/permittivity_4/outputs.json
./charges_105/permittivity_100/outputs.json
./charges_2109/permittivity_1/outputs.json
./charges_421/permittivity_10/outputs.json
./charges_2109/permittivity_100/outputs.json
./charges_421/permittivity_13/outputs.json
./charges_421/permittivity_7/outputs.json
./charges_421/permittivity_19/outputs.json
./charges_105/permittivity_2/outputs.json
./charges_421/permittivity_75/outputs.json
./charges_105/permittivity_13/outputs.json
./charges_421/permittivity_16/outputs.json
./charges_105/permittivity_22/outputs.json
./charges_105/permittivity_4/outputs.json
./charges_105/permittivity_7/outputs.json
./charges_421/permittivity_2/outputs.json
./charges_105/permittivity_25/outputs.json
./charges_421/permittivity_25/outputs.json
./charges_2109/permittivity_75/outputs.json
./charges_2109/permittivity_19/outputs.json
./charges_210/permittivity_25/outputs.json
./charges_2109/permittivity_16/outputs.json
./charges_210/permittivity_2/outputs.json
./charges_2109/permittivity_28/outputs.json
./charges_210/permittivity_28/outputs.json
./charges_210/permittivity_4/outputs.json
./charges_210/permittivity_22/outputs.json
./charges_2109/permittivity_2/outputs.json
./charges_105/permittivity_85/outputs.json
./charges_421/permittivity_1/outputs.json
./charges_210/permittivity_75/outputs.json
./charges_421/permittivity_100/outputs.json
./charges_421/permittivity_22/outputs.json
./charges_2109/permittivity_25/outputs.json
./charges_105/permittivity_10/outputs.json
./charges_210/permittivity_13/outputs.json
./charges_210/permittivity_7/outputs.json
./charges_210/permittivity_1/outputs.json
