Building DAG of jobs...
Using shell: /bin/bash
Provided cores: 1 (use --cores to define parallelism)
Rules claiming more threads will be scaled down.
Job counts:
	count	jobs
	1	all
	16	simulations_105
	14	simulations_210
	14	simulations_2109
	14	simulations_421
	59

[Tue Mar 23 19:58:41 2021]
rule simulations_421:
    output: charges_421/permittivity_22/outputs.json
    jobid: 44
    wildcards: permittivity=22

[Tue Mar 23 20:02:15 2021]
Finished job 44.
1 of 59 steps (2%) done

[Tue Mar 23 20:02:15 2021]
rule simulations_421:
    output: charges_421/permittivity_100/outputs.json
    jobid: 59
    wildcards: permittivity=100

[Tue Mar 23 22:17:53 2021]
Finished job 59.
2 of 59 steps (3%) done

[Tue Mar 23 22:17:53 2021]
rule simulations_105:
    output: charges_105/permittivity_25/outputs.json
    jobid: 14
    wildcards: permittivity=25

[Tue Mar 23 22:37:02 2021]
Finished job 14.
3 of 59 steps (5%) done

[Tue Mar 23 22:37:02 2021]
rule simulations_421:
    output: charges_421/permittivity_7/outputs.json
    jobid: 29
    wildcards: permittivity=7

[Tue Mar 23 22:39:49 2021]
Finished job 29.
4 of 59 steps (7%) done

[Tue Mar 23 22:39:49 2021]
rule simulations_105:
    output: charges_105/permittivity_4/outputs.json
    jobid: 7
    wildcards: permittivity=4

[Tue Mar 23 22:42:47 2021]
Finished job 7.
5 of 59 steps (8%) done

[Tue Mar 23 22:42:47 2021]
rule simulations_210:
    output: charges_210/permittivity_1/outputs.json
    jobid: 22
    wildcards: permittivity=1

[Tue Mar 23 22:45:24 2021]
Finished job 22.
6 of 59 steps (10%) done

[Tue Mar 23 22:45:24 2021]
rule simulations_210:
    output: charges_210/permittivity_16/outputs.json
    jobid: 37
    wildcards: permittivity=16

[Tue Mar 23 22:48:32 2021]
Finished job 37.
7 of 59 steps (12%) done

[Tue Mar 23 22:48:32 2021]
rule simulations_210:
    output: charges_210/permittivity_50/outputs.json
    jobid: 52
    wildcards: permittivity=50

[Wed Mar 24 00:48:33 2021]
Finished job 52.
8 of 59 steps (14%) done

[Wed Mar 24 00:48:33 2021]
rule simulations_105:
    output: charges_105/permittivity_1/outputs.json
    jobid: 6
    wildcards: permittivity=1

[Wed Mar 24 00:51:20 2021]
Finished job 6.
9 of 59 steps (15%) done

[Wed Mar 24 00:51:20 2021]
rule simulations_2109:
    output: charges_2109/permittivity_7/outputs.json
    jobid: 30
    wildcards: permittivity=7

[Wed Mar 24 00:53:58 2021]
Finished job 30.
10 of 59 steps (17%) done

[Wed Mar 24 00:53:58 2021]
rule simulations_2109:
    output: charges_2109/permittivity_22/outputs.json
    jobid: 45
    wildcards: permittivity=22

[Wed Mar 24 00:56:40 2021]
Finished job 45.
11 of 59 steps (19%) done

[Wed Mar 24 00:56:40 2021]
rule simulations_2109:
    output: charges_2109/permittivity_100/outputs.json
    jobid: 60
    wildcards: permittivity=100

[Wed Mar 24 01:07:41 2021]
Finished job 60.
12 of 59 steps (20%) done

[Wed Mar 24 01:07:41 2021]
rule simulations_105:
    output: charges_105/permittivity_28/outputs.json
    jobid: 15
    wildcards: permittivity=28

[Wed Mar 24 02:13:46 2021]
Finished job 15.
13 of 59 steps (22%) done

[Wed Mar 24 02:13:46 2021]
rule simulations_421:
    output: charges_421/permittivity_1/outputs.json
    jobid: 23
    wildcards: permittivity=1

[Wed Mar 24 02:16:11 2021]
Finished job 23.
14 of 59 steps (24%) done

[Wed Mar 24 02:16:11 2021]
rule simulations_105:
    output: charges_105/permittivity_7/outputs.json
    jobid: 8
    wildcards: permittivity=7

[Wed Mar 24 02:19:33 2021]
Finished job 8.
15 of 59 steps (25%) done

[Wed Mar 24 02:19:33 2021]
rule simulations_421:
    output: charges_421/permittivity_16/outputs.json
    jobid: 38
    wildcards: permittivity=16

[Wed Mar 24 02:22:37 2021]
Finished job 38.
16 of 59 steps (27%) done

[Wed Mar 24 02:22:37 2021]
rule simulations_421:
    output: charges_421/permittivity_50/outputs.json
    jobid: 53
    wildcards: permittivity=50

[Wed Mar 24 02:56:41 2021]
Finished job 53.
17 of 59 steps (29%) done

[Wed Mar 24 02:56:41 2021]
rule simulations_210:
    output: charges_210/permittivity_25/outputs.json
    jobid: 46
    wildcards: permittivity=25

[Wed Mar 24 03:02:44 2021]
Finished job 46.
18 of 59 steps (31%) done

[Wed Mar 24 03:02:44 2021]
rule simulations_210:
    output: charges_210/permittivity_2/outputs.json
    jobid: 61
    wildcards: permittivity=2

[Wed Mar 24 03:05:40 2021]
Finished job 61.
19 of 59 steps (32%) done

[Wed Mar 24 03:05:40 2021]
rule simulations_210:
    output: charges_210/permittivity_10/outputs.json
    jobid: 31
    wildcards: permittivity=10

[Wed Mar 24 03:08:56 2021]
Finished job 31.
20 of 59 steps (34%) done

[Wed Mar 24 03:08:56 2021]
rule simulations_105:
    output: charges_105/permittivity_50/outputs.json
    jobid: 16
    wildcards: permittivity=50

[Wed Mar 24 04:10:56 2021]
Finished job 16.
21 of 59 steps (36%) done

[Wed Mar 24 04:10:56 2021]
rule simulations_105:
    output: charges_105/permittivity_10/outputs.json
    jobid: 9
    wildcards: permittivity=10

[Wed Mar 24 04:13:58 2021]
Finished job 9.
22 of 59 steps (37%) done

[Wed Mar 24 04:13:58 2021]
rule simulations_2109:
    output: charges_2109/permittivity_1/outputs.json
    jobid: 24
    wildcards: permittivity=1

[Wed Mar 24 04:16:18 2021]
Finished job 24.
23 of 59 steps (39%) done

[Wed Mar 24 04:16:18 2021]
rule simulations_2109:
    output: charges_2109/permittivity_16/outputs.json
    jobid: 39
    wildcards: permittivity=16

[Wed Mar 24 04:19:00 2021]
Finished job 39.
24 of 59 steps (41%) done

[Wed Mar 24 04:19:00 2021]
rule simulations_2109:
    output: charges_2109/permittivity_50/outputs.json
    jobid: 54
    wildcards: permittivity=50

[Wed Mar 24 04:22:36 2021]
Finished job 54.
25 of 59 steps (42%) done

[Wed Mar 24 04:22:36 2021]
rule simulations_2109:
    output: charges_2109/permittivity_28/outputs.json
    jobid: 51
    wildcards: permittivity=28

[Wed Mar 24 04:25:31 2021]
Finished job 51.
26 of 59 steps (44%) done

[Wed Mar 24 04:25:31 2021]
rule simulations_421:
    output: charges_421/permittivity_10/outputs.json
    jobid: 32
    wildcards: permittivity=10

[Wed Mar 24 04:28:23 2021]
Finished job 32.
27 of 59 steps (46%) done

[Wed Mar 24 04:28:23 2021]
rule simulations_421:
    output: charges_421/permittivity_25/outputs.json
    jobid: 47
    wildcards: permittivity=25

[Wed Mar 24 04:31:45 2021]
Finished job 47.
28 of 59 steps (47%) done

[Wed Mar 24 04:31:45 2021]
rule simulations_421:
    output: charges_421/permittivity_2/outputs.json
    jobid: 62
    wildcards: permittivity=2

[Wed Mar 24 04:34:13 2021]
Finished job 62.
29 of 59 steps (49%) done

[Wed Mar 24 04:34:13 2021]
rule simulations_105:
    output: charges_105/permittivity_75/outputs.json
    jobid: 17
    wildcards: permittivity=75

[Wed Mar 24 04:37:44 2021]
Finished job 17.
30 of 59 steps (51%) done

[Wed Mar 24 04:37:44 2021]
rule simulations_210:
    output: charges_210/permittivity_75/outputs.json
    jobid: 55
    wildcards: permittivity=75

[Wed Mar 24 07:41:55 2021]
Finished job 55.
31 of 59 steps (53%) done

[Wed Mar 24 07:41:55 2021]
rule simulations_210:
    output: charges_210/permittivity_19/outputs.json
    jobid: 40
    wildcards: permittivity=19

[Wed Mar 24 07:44:55 2021]
Finished job 40.
32 of 59 steps (54%) done

[Wed Mar 24 07:44:55 2021]
rule simulations_105:
    output: charges_105/permittivity_13/outputs.json
    jobid: 10
    wildcards: permittivity=13

[Wed Mar 24 07:50:44 2021]
Finished job 10.
33 of 59 steps (56%) done

[Wed Mar 24 07:50:44 2021]
rule simulations_210:
    output: charges_210/permittivity_4/outputs.json
    jobid: 25
    wildcards: permittivity=4

[Wed Mar 24 07:53:24 2021]
Finished job 25.
34 of 59 steps (58%) done

[Wed Mar 24 07:53:24 2021]
rule simulations_2109:
    output: charges_2109/permittivity_13/outputs.json
    jobid: 36
    wildcards: permittivity=13

[Wed Mar 24 07:56:06 2021]
Finished job 36.
35 of 59 steps (59%) done

[Wed Mar 24 07:56:06 2021]
rule simulations_2109:
    output: charges_2109/permittivity_25/outputs.json
    jobid: 48
    wildcards: permittivity=25

[Wed Mar 24 07:58:50 2021]
Finished job 48.
36 of 59 steps (61%) done

[Wed Mar 24 07:58:50 2021]
rule simulations_2109:
    output: charges_2109/permittivity_2/outputs.json
    jobid: 63
    wildcards: permittivity=2

[Wed Mar 24 08:01:17 2021]
Finished job 63.
37 of 59 steps (63%) done

[Wed Mar 24 08:01:17 2021]
rule simulations_2109:
    output: charges_2109/permittivity_10/outputs.json
    jobid: 33
    wildcards: permittivity=10

[Wed Mar 24 08:03:53 2021]
Finished job 33.
38 of 59 steps (64%) done

[Wed Mar 24 08:03:53 2021]
rule simulations_105:
    output: charges_105/permittivity_100/outputs.json
    jobid: 18
    wildcards: permittivity=100

[Wed Mar 24 08:06:57 2021]
Finished job 18.
39 of 59 steps (66%) done

[Wed Mar 24 08:06:57 2021]
rule simulations_421:
    output: charges_421/permittivity_19/outputs.json
    jobid: 41
    wildcards: permittivity=19

[Wed Mar 24 08:11:08 2021]
Finished job 41.
40 of 59 steps (68%) done

[Wed Mar 24 08:11:08 2021]
rule simulations_2109:
    output: charges_2109/permittivity_75/outputs.json
    jobid: 57
    wildcards: permittivity=75

[Wed Mar 24 08:21:36 2021]
Finished job 57.
41 of 59 steps (69%) done

[Wed Mar 24 08:21:36 2021]
rule simulations_105:
    output: charges_105/permittivity_65/outputs.json
    jobid: 20
    wildcards: permittivity=65

[Wed Mar 24 08:24:33 2021]
Finished job 20.
42 of 59 steps (71%) done

[Wed Mar 24 08:24:33 2021]
rule simulations_421:
    output: charges_421/permittivity_13/outputs.json
    jobid: 35
    wildcards: permittivity=13

[Wed Mar 24 08:27:26 2021]
Finished job 35.
43 of 59 steps (73%) done

[Wed Mar 24 08:27:26 2021]
rule simulations_421:
    output: charges_421/permittivity_28/outputs.json
    jobid: 50
    wildcards: permittivity=28

[Wed Mar 24 08:35:18 2021]
Finished job 50.
44 of 59 steps (75%) done

[Wed Mar 24 08:35:18 2021]
rule simulations_421:
    output: charges_421/permittivity_75/outputs.json
    jobid: 56
    wildcards: permittivity=75

Terminating processes on user request, this might take some time.
Complete log: /Users/jmd80/kmc_paper_data/.snakemake/log/2021-03-23T195841.905632.snakemake.log
