Building DAG of jobs...
Using shell: /bin/bash
Provided cores: 2
Rules claiming more threads will be scaled down.
Job counts:
	count	jobs
	1	all
	1	simulations_210
	1	simulations_421
	3

[Wed Mar 24 14:21:09 2021]
rule simulations_421:
    output: charges_421/permittivity_75/outputs.json
    jobid: 56
    wildcards: permittivity=75

[Wed Mar 24 14:21:09 2021]
rule simulations_210:
    output: charges_210/permittivity_100/outputs.json
    jobid: 58
    wildcards: permittivity=100

Terminating processes on user request, this might take some time.
Complete log: /Users/jmd80/kmc_paper_data/.snakemake/log/2021-03-24T142109.871447.snakemake.log
