Building DAG of jobs...
Using shell: /bin/bash
Provided cores: 1 (use --cores to define parallelism)
Rules claiming more threads will be scaled down.
Job counts:
	count	jobs
	1	all
	1	inputs_105
	2

[Tue Mar 23 13:23:30 2021]
rule inputs_105:
    output: charges_105/permittivity_1/inputs.json, charges_105/permittivity_4/inputs.json, charges_105/permittivity_7/inputs.json, charges_105/permittivity_10/inputs.json, charges_105/permittivity_13/inputs.json, charges_105/permittivity_16/inputs.json, charges_105/permittivity_19/inputs.json, charges_105/permittivity_22/inputs.json, charges_105/permittivity_25/inputs.json, charges_105/permittivity_28/inputs.json, charges_105/permittivity_50/inputs.json, charges_105/permittivity_75/inputs.json, charges_105/permittivity_100/inputs.json, charges_105/permittivity_2/inputs.json, charges_105/permittivity_65/inputs.json, charges_105/permittivity_85/inputs.json
    jobid: 2

[Tue Mar 23 13:23:30 2021]
Finished job 2.
1 of 2 steps (50%) done

[Tue Mar 23 13:23:30 2021]
localrule all:
    input: averaged_distributions/105_charges_distributions_errors.json, averaged_distributions/210_charges_distributions_errors.json, averaged_distributions/421_charges_distributions_errors.json, averaged_distributions/2109_charges_distributions_errors.json, charges_105/permittivity_1/inputs.json, charges_105/permittivity_4/inputs.json, charges_105/permittivity_7/inputs.json, charges_105/permittivity_10/inputs.json, charges_105/permittivity_13/inputs.json, charges_105/permittivity_16/inputs.json, charges_105/permittivity_19/inputs.json, charges_105/permittivity_22/inputs.json, charges_105/permittivity_25/inputs.json, charges_105/permittivity_28/inputs.json, charges_105/permittivity_50/inputs.json, charges_105/permittivity_75/inputs.json, charges_105/permittivity_100/inputs.json, charges_105/permittivity_2/inputs.json, charges_105/permittivity_65/inputs.json, charges_105/permittivity_85/inputs.json
    jobid: 0

[Tue Mar 23 13:23:30 2021]
Finished job 0.
2 of 2 steps (100%) done
Complete log: /Users/jmd80/kmc_paper_data/.snakemake/log/2021-03-23T132330.250736.snakemake.log
